[21:23:33] [main/INFO] (FabricLoader/GameProvider) Loading Minecraft 1.21.1 with Fabric Loader 0.19.2
[21:23:33] [main/INFO] (FabricLoader) Loading 45 mods:
	- fabric-api 0.116.11+1.21.1
	- fabric-api-base 0.4.42+6573ed8c19
	- fabric-api-lookup-api-v1 1.6.72+7b3d111d19
	- fabric-biome-api-v1 13.0.31+d527f9fd19
	- fabric-block-api-v1 1.1.0+0bc3503219
	- fabric-block-view-api-v2 1.0.11+ebb2264e19
	- fabric-command-api-v1 1.2.49+f71b366f19
	- fabric-command-api-v2 2.2.28+6ced4dd919
	- fabric-commands-v0 0.2.66+df3654b319
	- fabric-content-registries-v0 8.0.19+b559734419
	- fabric-convention-tags-v1 2.1.7+7f945d5b19
	- fabric-convention-tags-v2 2.12.0+c3656daa19
	- fabric-crash-report-info-v1 0.2.29+0af3f5a719
	- fabric-data-attachment-api-v1 1.4.6+5b36e0f719
	- fabric-data-generation-api-v1 20.2.37+60a6976219
	- fabric-dimensions-v1 4.0.1+65213ef819
	- fabric-entity-events-v1 1.8.0+2b27e0a419
	- fabric-events-interaction-v0 0.7.13+ba9dae0619
	- fabric-game-rule-api-v1 1.0.53+6ced4dd919
	- fabric-gametest-api-v1 2.0.5+6fc22b9919
	- fabric-item-api-v1 11.2.0+3b3cb2e819
	- fabric-item-group-api-v1 4.1.7+def88e3a19
	- fabric-lifecycle-events-v1 2.6.0+0865547519
	- fabric-loot-api-v2 3.0.15+3f89f5a519
	- fabric-loot-api-v3 1.0.3+3f89f5a519
	- fabric-message-api-v1 6.0.14+8aaf3aca19
	- fabric-networking-api-v1 4.3.0+c7469b2119
	- fabric-object-builder-api-v1 15.2.1+40875a9319
	- fabric-particles-v1 4.0.2+6573ed8c19
	- fabric-recipe-api-v1 5.0.15+2475392c19
	- fabric-registry-sync-v0 5.3.1+e3eddc2119
	- fabric-rendering-data-attachment-v1 0.3.49+73761d2e19
	- fabric-rendering-fluids-v1 3.1.6+1daea21519
	- fabric-resource-conditions-api-v1 4.3.0+8dc279b119
	- fabric-resource-loader-v0 1.3.1+5b5275af19
	- fabric-screen-handler-api-v1 1.3.90+b559734419
	- fabric-transfer-api-v1 5.4.4+7b3d111d19
	- fabric-transitive-access-wideners-v1 6.2.0+45b9699719
	- fabricloader 0.19.2
	- java 21
	- jei 19.27.0.340
	- minecraft 1.21.1
	- mixinextras 0.5.4
	- owo 0.12.15.4+1.21
	- stoneycore 1.0.126
[21:23:34] [main/INFO] (FabricLoader/Mixin) SpongePowered MIXIN Subsystem Version=0.8.7 Source=file:/C:/Users/Administrator/.gradle/caches/modules-2/files-2.1/net.fabricmc/sponge-mixin/0.17.2+mixin.0.8.7/edf98d1d98229e46e36c61774ae2b54dcd852981/sponge-mixin-0.17.2+mixin.0.8.7.jar Service=Knot/Fabric Env=SERVER
[21:23:34] [main/INFO] (FabricLoader/Mixin) Loaded Fabric development mappings for mixin remapper!
[21:23:34] [main/INFO] (FabricLoader/Mixin) Compatibility level set to JAVA_17
[21:23:34] [main/INFO] (FabricLoader/Mixin) Compatibility level set to JAVA_21
[21:23:35] [main/WARN] (FabricLoader/Mixin) Error loading class: com/mojang/blaze3d/vertex/BufferBuilder (java.lang.RuntimeException: Cannot load class com.mojang.blaze3d.vertex.BufferBuilder in environment type SERVER)
[21:23:35] [main/WARN] (FabricLoader/Mixin) @Mixin target com.mojang.blaze3d.vertex.BufferBuilder was not found owo.mixins.json:BufferBuilderAccessor from mod owo
[21:23:35] [main/WARN] (FabricLoader/Mixin) Error loading class: net/minecraft/client/gui/screens/Screen (java.lang.RuntimeException: Cannot load class net.minecraft.client.gui.screens.Screen in environment type SERVER)
[21:23:35] [main/WARN] (FabricLoader/Mixin) @Mixin target net.minecraft.client.gui.screens.Screen was not found owo.mixins.json:ScreenAccessor from mod owo
[21:23:35] [main/WARN] (FabricLoader/Mixin) Error loading class: xyz/nucleoid/server/translations/impl/language/SystemDelegatedLanguage (java.lang.ClassNotFoundException: xyz/nucleoid/server/translations/impl/language/SystemDelegatedLanguage)
[21:23:35] [main/INFO] (FabricLoader/MixinExtras|Service) Initializing MixinExtras via com.llamalad7.mixinextras.service.MixinExtrasServiceImpl(version=0.5.4).
[21:23:35] [main/WARN] (FabricLoader/Mixin) Error loading class: org/quiltmc/loader/impl/game/minecraft/Hooks (java.lang.ClassNotFoundException: org/quiltmc/loader/impl/game/minecraft/Hooks)
[21:23:49] [main/WARN] (StoneyCore) Could not instantiate banduty.stoneycore.combat.melee.ICombatHelper using default constructor, using anonymous fallback
[21:23:49] [main/INFO] (StoneyCore) Registering Payloads for stoneycore
[21:23:49] [main/INFO] (StoneyCore) Registering C2S Networking for stoneycore
[21:23:49] [main/INFO] (StoneyCore) Hello Fabric world!
[21:23:49] [main/INFO] (StoneyCore) Registering Mod Blocks for stoneycore
[21:23:49] [main/ERROR] (Minecraft) No data fixer registered for sc_bullet
[21:23:49] [main/INFO] (StoneyCore) Registering Entities for stoneycore
[21:23:49] [main/INFO] (StoneyCore) Registering Mod Items for stoneycore
[21:23:49] [main/INFO] (StoneyCore) Registering Particles for stoneycore
[21:23:49] [main/INFO] (StoneyCore) Registering ModRecipes for stoneycore
[21:23:49] [main/INFO] (StoneyCore) Registering Menu for stoneycore
[21:23:49] [main/INFO] (StoneyCore) Registering Sounds for stoneycore
[21:23:49] [main/INFO] (StoneyCore) Registered attributes for stoneycore
[21:23:49] [main/INFO] (StoneyCore) Registering Data Components for stoneycore
[21:23:49] [main/INFO] (StoneyCore) Hello to stoneycore
[21:23:49] [main/INFO] (owo) that's a CanPickUpLoot baby zombie, the most annoying thing ever. he runs around like crazy and picks up all your shit
[21:23:49] [main/INFO] (owo) Services frozen by 'net.minecraft.server.Main'
[21:23:49] [main/INFO] (FabricDataGenHelper) Running data generator for stoneycore
[21:23:49] [main/INFO] (Minecraft) Starting provider: StoneyCore/Model Definitions
[21:23:50] [main/INFO] (Minecraft) StoneyCore/Model Definitions finished after 87 ms
[21:23:50] [main/INFO] (Minecraft) Starting provider: StoneyCore/Recipes
[21:23:50] [main/INFO] (Minecraft) StoneyCore/Recipes finished after 586 ms
[21:23:50] [main/INFO] (Minecraft) All providers took: 675 ms
[21:23:50] [main/INFO] (Minecraft) Caching: total files: 19, old count: 19, new count: 20, removed stale: 0, written: 0
